<?xml version="1.0" encoding="UTF-8"?>
<!-- Generated by org.testng.reporters.JUnitXMLReporter -->
<testsuite ignored="0" hostname="Vinnie" failures="0" tests="4" name="Test2" time="87.766" errors="0" timestamp="2025-03-21T00:55:10 IST">
  <testcase classname="contact_test.CreateContact" name="CreateContactTest" time="39.081"/>
  <testcase classname="login.Login" name="LoginTest" time="13.252"/>
  <testcase classname="product_test.AddProduct" name="AddProductTest" time="16.822"/>
  <testcase classname="campaign_test.CreateCampaign" name="CreateCampaignTest" time="18.558"/>
</testsuite> <!-- Test2 -->
