<?xml version="1.0" encoding="UTF-8"?>
<!-- Generated by org.testng.reporters.JUnitXMLReporter -->
<testsuite ignored="0" hostname="Vinnie" failures="0" tests="4" name="Test_Edge" time="78.898" errors="0" timestamp="2025-03-21T21:07:06 IST">
  <testcase classname="contact_test.CreateContact" name="CreateContactTest" time="31.584"/>
  <testcase classname="login.Login" name="LoginTest" time="13.409"/>
  <testcase classname="product_test.AddProduct" name="AddProductTest" time="15.974"/>
  <testcase classname="campaign_test.CreateCampaign" name="CreateCampaignTest" time="17.905"/>
</testsuite> <!-- Test_Edge -->
