<?xml version="1.0" encoding="UTF-8"?>
<!-- Generated by org.testng.reporters.JUnitXMLReporter -->
<testsuite ignored="0" hostname="Vinnie" failures="0" tests="4" name="Test1" time="88.721" errors="0" timestamp="2025-03-21T00:55:11 IST">
  <testcase classname="contact_test.CreateContact" name="CreateContactTest" time="39.454"/>
  <testcase classname="login.Login" name="LoginTest" time="13.317"/>
  <testcase classname="product_test.AddProduct" name="AddProductTest" time="17.265"/>
  <testcase classname="campaign_test.CreateCampaign" name="CreateCampaignTest" time="18.637"/>
</testsuite> <!-- Test1 -->
