<?xml version="1.0" encoding="UTF-8"?>
<!-- Generated by org.testng.reporters.JUnitXMLReporter -->
<testsuite ignored="0" hostname="Vinnie" failures="0" tests="4" name="Test3" time="96.604" errors="0" timestamp="2025-03-21T00:52:06 IST">
  <testcase classname="contact_test.CreateContact" name="CreateContactTest" time="40.327"/>
  <testcase classname="login.Login" name="LoginTest" time="14.415"/>
  <testcase classname="product_test.AddProduct" name="AddProductTest" time="17.288"/>
  <testcase classname="campaign_test.CreateCampaign" name="CreateCampaignTest" time="24.514"/>
</testsuite> <!-- Test3 -->
