<?xml version="1.0" encoding="UTF-8"?>
<!-- Generated by org.testng.reporters.JUnitXMLReporter -->
<testsuite ignored="0" hostname="Vinnie" failures="0" tests="4" name="Test_Chrome" time="73.261" errors="0" timestamp="2025-03-21T21:07:00 IST">
  <testcase classname="contact_test.CreateContact" name="CreateContactTest" time="29.67"/>
  <testcase classname="login.Login" name="LoginTest" time="12.005"/>
  <testcase classname="product_test.AddProduct" name="AddProductTest" time="14.585"/>
  <testcase classname="campaign_test.CreateCampaign" name="CreateCampaignTest" time="16.972"/>
</testsuite> <!-- Test_Chrome -->
